CRITICAL - 2022-09-28 16:45:01 --> Trying to access array offset on value of type null
#0 C:\Users\XIANGLU\Desktop\Rani_LTE\app\Views\layout\navbar.php(21): CodeIgniter\Debug\Exceptions->errorHandler(8, 'Trying to acces...', 'C:\\Users\\XIANGL...', 21, Array)
#1 C:\Users\XIANGLU\Desktop\Rani_LTE\system\View\View.php(210): include('C:\\Users\\XIANGL...')
#2 C:\Users\XIANGLU\Desktop\Rani_LTE\system\View\View.php(213): CodeIgniter\View\View->CodeIgniter\View\{closure}()
#3 C:\Users\XIANGLU\Desktop\Rani_LTE\system\View\View.php(424): CodeIgniter\View\View->render('layout/navbar', NULL, true)
#4 C:\Users\XIANGLU\Desktop\Rani_LTE\app\Views\layout\template.php(52): CodeIgniter\View\View->include('layout/navbar')
#5 C:\Users\XIANGLU\Desktop\Rani_LTE\system\View\View.php(210): include('C:\\Users\\XIANGL...')
#6 C:\Users\XIANGLU\Desktop\Rani_LTE\system\View\View.php(213): CodeIgniter\View\View->CodeIgniter\View\{closure}()
#7 C:\Users\XIANGLU\Desktop\Rani_LTE\system\View\View.php(226): CodeIgniter\View\View->render('layout/template', Array, true)
#8 C:\Users\XIANGLU\Desktop\Rani_LTE\system\Common.php(1089): CodeIgniter\View\View->render('pages/home', Array, true)
#9 C:\Users\XIANGLU\Desktop\Rani_LTE\app\Controllers\Home.php(22): view('pages/home', Array)
#10 C:\Users\XIANGLU\Desktop\Rani_LTE\system\CodeIgniter.php(832): App\Controllers\Home->index()
#11 C:\Users\XIANGLU\Desktop\Rani_LTE\system\CodeIgniter.php(419): CodeIgniter\CodeIgniter->runController(Object(App\Controllers\Home))
#12 C:\Users\XIANGLU\Desktop\Rani_LTE\system\CodeIgniter.php(326): CodeIgniter\CodeIgniter->handleRequest(NULL, Object(Config\Cache), false)
#13 C:\Users\XIANGLU\Desktop\Rani_LTE\public\index.php(37): CodeIgniter\CodeIgniter->run()
#14 C:\Users\XIANGLU\Desktop\Rani_LTE\system\Commands\Server\rewrite.php(43): require_once('C:\\Users\\XIANGL...')
#15 {main}
CRITICAL - 2022-09-28 18:16:20 --> Undefined variable: validation
#0 C:\Users\XIANGLU\Desktop\Rani_LTE\app\Views\pages\login.php(21): CodeIgniter\Debug\Exceptions->errorHandler(8, 'Undefined varia...', 'C:\\Users\\XIANGL...', 21, Array)
#1 C:\Users\XIANGLU\Desktop\Rani_LTE\system\View\View.php(210): include('C:\\Users\\XIANGL...')
#2 C:\Users\XIANGLU\Desktop\Rani_LTE\system\View\View.php(213): CodeIgniter\View\View->CodeIgniter\View\{closure}()
#3 C:\Users\XIANGLU\Desktop\Rani_LTE\system\Common.php(1089): CodeIgniter\View\View->render('pages/login', Array, true)
#4 C:\Users\XIANGLU\Desktop\Rani_LTE\app\Controllers\Login.php(17): view('pages/login', Array)
#5 C:\Users\XIANGLU\Desktop\Rani_LTE\system\CodeIgniter.php(832): App\Controllers\login->index()
#6 C:\Users\XIANGLU\Desktop\Rani_LTE\system\CodeIgniter.php(419): CodeIgniter\CodeIgniter->runController(Object(App\Controllers\login))
#7 C:\Users\XIANGLU\Desktop\Rani_LTE\system\CodeIgniter.php(326): CodeIgniter\CodeIgniter->handleRequest(NULL, Object(Config\Cache), false)
#8 C:\Users\XIANGLU\Desktop\Rani_LTE\public\index.php(37): CodeIgniter\CodeIgniter->run()
#9 C:\Users\XIANGLU\Desktop\Rani_LTE\system\Commands\Server\rewrite.php(43): require_once('C:\\Users\\XIANGL...')
#10 {main}
