CRITICAL - 2022-09-29 10:14:18 --> Cannot redeclare App\Controllers\Dashboard::index()
#0 [internal function]: CodeIgniter\Debug\Exceptions->shutdownHandler()
#1 {main}
CRITICAL - 2022-09-29 10:39:31 --> Invalid file: pages/dashboardAdminLasman.php
#0 C:\Users\XIANGLU\Desktop\Rani_LTE\system\View\View.php(198): CodeIgniter\Exceptions\FrameworkException::forInvalidFile('pages/dashboard...')
#1 C:\Users\XIANGLU\Desktop\Rani_LTE\system\Common.php(1089): CodeIgniter\View\View->render('pages/dashboard...', Array, true)
#2 C:\Users\XIANGLU\Desktop\Rani_LTE\app\Controllers\Dashboard.php(50): view('pages/dashboard...', Array)
#3 C:\Users\XIANGLU\Desktop\Rani_LTE\system\CodeIgniter.php(832): App\Controllers\Dashboard->Admin()
#4 C:\Users\XIANGLU\Desktop\Rani_LTE\system\CodeIgniter.php(419): CodeIgniter\CodeIgniter->runController(Object(App\Controllers\Dashboard))
#5 C:\Users\XIANGLU\Desktop\Rani_LTE\system\CodeIgniter.php(326): CodeIgniter\CodeIgniter->handleRequest(NULL, Object(Config\Cache), false)
#6 C:\Users\XIANGLU\Desktop\Rani_LTE\public\index.php(37): CodeIgniter\CodeIgniter->run()
#7 C:\Users\XIANGLU\Desktop\Rani_LTE\system\Commands\Server\rewrite.php(43): require_once('C:\\Users\\XIANGL...')
#8 {main}
CRITICAL - 2022-09-29 10:40:02 --> syntax error, unexpected '$data' (T_VARIABLE), expecting function (T_FUNCTION) or const (T_CONST)
#0 C:\Users\XIANGLU\Desktop\Rani_LTE\system\Router\Router.php(175): CodeIgniter\Router\Router->autoRoute('Dashboard/admin')
#1 C:\Users\XIANGLU\Desktop\Rani_LTE\system\CodeIgniter.php(726): CodeIgniter\Router\Router->handle('Dashboard/admin')
#2 C:\Users\XIANGLU\Desktop\Rani_LTE\system\CodeIgniter.php(368): CodeIgniter\CodeIgniter->tryToRouteIt(Object(CodeIgniter\Router\RouteCollection))
#3 C:\Users\XIANGLU\Desktop\Rani_LTE\system\CodeIgniter.php(326): CodeIgniter\CodeIgniter->handleRequest(NULL, Object(Config\Cache), false)
#4 C:\Users\XIANGLU\Desktop\Rani_LTE\public\index.php(37): CodeIgniter\CodeIgniter->run()
#5 C:\Users\XIANGLU\Desktop\Rani_LTE\system\Commands\Server\rewrite.php(43): require_once('C:\\Users\\XIANGL...')
#6 {main}
CRITICAL - 2022-09-29 10:41:35 --> syntax error, unexpected '$data' (T_VARIABLE), expecting function (T_FUNCTION) or const (T_CONST)
#0 C:\Users\XIANGLU\Desktop\Rani_LTE\system\Router\Router.php(175): CodeIgniter\Router\Router->autoRoute('Dashboard/admin')
#1 C:\Users\XIANGLU\Desktop\Rani_LTE\system\CodeIgniter.php(726): CodeIgniter\Router\Router->handle('Dashboard/admin')
#2 C:\Users\XIANGLU\Desktop\Rani_LTE\system\CodeIgniter.php(368): CodeIgniter\CodeIgniter->tryToRouteIt(Object(CodeIgniter\Router\RouteCollection))
#3 C:\Users\XIANGLU\Desktop\Rani_LTE\system\CodeIgniter.php(326): CodeIgniter\CodeIgniter->handleRequest(NULL, Object(Config\Cache), false)
#4 C:\Users\XIANGLU\Desktop\Rani_LTE\public\index.php(37): CodeIgniter\CodeIgniter->run()
#5 C:\Users\XIANGLU\Desktop\Rani_LTE\system\Commands\Server\rewrite.php(43): require_once('C:\\Users\\XIANGL...')
#6 {main}
CRITICAL - 2022-09-29 10:41:37 --> syntax error, unexpected '$data' (T_VARIABLE), expecting function (T_FUNCTION) or const (T_CONST)
#0 C:\Users\XIANGLU\Desktop\Rani_LTE\system\Router\Router.php(175): CodeIgniter\Router\Router->autoRoute('Dashboard/admin')
#1 C:\Users\XIANGLU\Desktop\Rani_LTE\system\CodeIgniter.php(726): CodeIgniter\Router\Router->handle('Dashboard/admin')
#2 C:\Users\XIANGLU\Desktop\Rani_LTE\system\CodeIgniter.php(368): CodeIgniter\CodeIgniter->tryToRouteIt(Object(CodeIgniter\Router\RouteCollection))
#3 C:\Users\XIANGLU\Desktop\Rani_LTE\system\CodeIgniter.php(326): CodeIgniter\CodeIgniter->handleRequest(NULL, Object(Config\Cache), false)
#4 C:\Users\XIANGLU\Desktop\Rani_LTE\public\index.php(37): CodeIgniter\CodeIgniter->run()
#5 C:\Users\XIANGLU\Desktop\Rani_LTE\system\Commands\Server\rewrite.php(43): require_once('C:\\Users\\XIANGL...')
#6 {main}
CRITICAL - 2022-09-29 10:41:37 --> syntax error, unexpected '$data' (T_VARIABLE), expecting function (T_FUNCTION) or const (T_CONST)
#0 C:\Users\XIANGLU\Desktop\Rani_LTE\system\Router\Router.php(175): CodeIgniter\Router\Router->autoRoute('Dashboard/admin')
#1 C:\Users\XIANGLU\Desktop\Rani_LTE\system\CodeIgniter.php(726): CodeIgniter\Router\Router->handle('Dashboard/admin')
#2 C:\Users\XIANGLU\Desktop\Rani_LTE\system\CodeIgniter.php(368): CodeIgniter\CodeIgniter->tryToRouteIt(Object(CodeIgniter\Router\RouteCollection))
#3 C:\Users\XIANGLU\Desktop\Rani_LTE\system\CodeIgniter.php(326): CodeIgniter\CodeIgniter->handleRequest(NULL, Object(Config\Cache), false)
#4 C:\Users\XIANGLU\Desktop\Rani_LTE\public\index.php(37): CodeIgniter\CodeIgniter->run()
#5 C:\Users\XIANGLU\Desktop\Rani_LTE\system\Commands\Server\rewrite.php(43): require_once('C:\\Users\\XIANGL...')
#6 {main}
CRITICAL - 2022-09-29 10:48:21 --> Invalid file: pages/dashboardUser.php
#0 C:\Users\XIANGLU\Desktop\Rani_LTE\system\View\View.php(198): CodeIgniter\Exceptions\FrameworkException::forInvalidFile('pages/dashboard...')
#1 C:\Users\XIANGLU\Desktop\Rani_LTE\system\Common.php(1089): CodeIgniter\View\View->render('pages/dashboard...', Array, true)
#2 C:\Users\XIANGLU\Desktop\Rani_LTE\app\Controllers\Dashboard.php(30): view('pages/dashboard...', Array)
#3 C:\Users\XIANGLU\Desktop\Rani_LTE\system\CodeIgniter.php(832): App\Controllers\Dashboard->index()
#4 C:\Users\XIANGLU\Desktop\Rani_LTE\system\CodeIgniter.php(419): CodeIgniter\CodeIgniter->runController(Object(App\Controllers\Dashboard))
#5 C:\Users\XIANGLU\Desktop\Rani_LTE\system\CodeIgniter.php(326): CodeIgniter\CodeIgniter->handleRequest(NULL, Object(Config\Cache), false)
#6 C:\Users\XIANGLU\Desktop\Rani_LTE\public\index.php(37): CodeIgniter\CodeIgniter->run()
#7 C:\Users\XIANGLU\Desktop\Rani_LTE\system\Commands\Server\rewrite.php(43): require_once('C:\\Users\\XIANGL...')
#8 {main}
CRITICAL - 2022-09-29 10:48:28 --> Invalid file: pages/dashboardUser.php
#0 C:\Users\XIANGLU\Desktop\Rani_LTE\system\View\View.php(198): CodeIgniter\Exceptions\FrameworkException::forInvalidFile('pages/dashboard...')
#1 C:\Users\XIANGLU\Desktop\Rani_LTE\system\Common.php(1089): CodeIgniter\View\View->render('pages/dashboard...', Array, true)
#2 C:\Users\XIANGLU\Desktop\Rani_LTE\app\Controllers\Dashboard.php(30): view('pages/dashboard...', Array)
#3 C:\Users\XIANGLU\Desktop\Rani_LTE\system\CodeIgniter.php(832): App\Controllers\Dashboard->index()
#4 C:\Users\XIANGLU\Desktop\Rani_LTE\system\CodeIgniter.php(419): CodeIgniter\CodeIgniter->runController(Object(App\Controllers\Dashboard))
#5 C:\Users\XIANGLU\Desktop\Rani_LTE\system\CodeIgniter.php(326): CodeIgniter\CodeIgniter->handleRequest(NULL, Object(Config\Cache), false)
#6 C:\Users\XIANGLU\Desktop\Rani_LTE\public\index.php(37): CodeIgniter\CodeIgniter->run()
#7 C:\Users\XIANGLU\Desktop\Rani_LTE\system\Commands\Server\rewrite.php(43): require_once('C:\\Users\\XIANGL...')
#8 {main}
