ERROR - 2022-10-05 08:31:17 --> Table 'db_rani.masyarakat' doesn't exist
CRITICAL - 2022-10-05 08:31:17 --> Table 'db_rani.masyarakat' doesn't exist
#0 C:\Users\XIANGLU\Desktop\Rani_LTE\system\Database\MySQLi\Connection.php(292): mysqli->query('SELECT *\nFROM `...', 0)
#1 C:\Users\XIANGLU\Desktop\Rani_LTE\system\Database\BaseConnection.php(670): CodeIgniter\Database\MySQLi\Connection->execute('SELECT *\nFROM `...')
#2 C:\Users\XIANGLU\Desktop\Rani_LTE\system\Database\BaseConnection.php(598): CodeIgniter\Database\BaseConnection->simpleQuery('SELECT *\nFROM `...')
#3 C:\Users\XIANGLU\Desktop\Rani_LTE\system\Database\BaseBuilder.php(1455): CodeIgniter\Database\BaseConnection->query('SELECT *\nFROM `...', Array, false)
#4 C:\Users\XIANGLU\Desktop\Rani_LTE\system\Model.php(183): CodeIgniter\Database\BaseBuilder->get()
#5 C:\Users\XIANGLU\Desktop\Rani_LTE\system\BaseModel.php(584): CodeIgniter\Model->doFindAll(0, 0)
#6 C:\Users\XIANGLU\Desktop\Rani_LTE\app\Models\MasyarakatModel.php(38): CodeIgniter\BaseModel->findAll()
#7 C:\Users\XIANGLU\Desktop\Rani_LTE\app\Controllers\Masyarakat.php(213): App\Models\MasyarakatModel->getMasyarakatStatus('pending')
#8 C:\Users\XIANGLU\Desktop\Rani_LTE\system\CodeIgniter.php(832): App\Controllers\Masyarakat->approval()
#9 C:\Users\XIANGLU\Desktop\Rani_LTE\system\CodeIgniter.php(419): CodeIgniter\CodeIgniter->runController(Object(App\Controllers\Masyarakat))
#10 C:\Users\XIANGLU\Desktop\Rani_LTE\system\CodeIgniter.php(326): CodeIgniter\CodeIgniter->handleRequest(NULL, Object(Config\Cache), false)
#11 C:\Users\XIANGLU\Desktop\Rani_LTE\public\index.php(37): CodeIgniter\CodeIgniter->run()
#12 C:\Users\XIANGLU\Desktop\Rani_LTE\system\Commands\Server\rewrite.php(43): require_once('C:\\Users\\XIANGL...')
#13 {main}
ERROR - 2022-10-05 09:19:19 --> Table 'db_rani.masyarakat' doesn't exist
CRITICAL - 2022-10-05 09:19:19 --> Table 'db_rani.masyarakat' doesn't exist
#0 C:\Users\XIANGLU\Desktop\Rani_LTE\system\Database\MySQLi\Connection.php(292): mysqli->query('SELECT *\nFROM `...', 0)
#1 C:\Users\XIANGLU\Desktop\Rani_LTE\system\Database\BaseConnection.php(670): CodeIgniter\Database\MySQLi\Connection->execute('SELECT *\nFROM `...')
#2 C:\Users\XIANGLU\Desktop\Rani_LTE\system\Database\BaseConnection.php(598): CodeIgniter\Database\BaseConnection->simpleQuery('SELECT *\nFROM `...')
#3 C:\Users\XIANGLU\Desktop\Rani_LTE\system\Database\BaseBuilder.php(1455): CodeIgniter\Database\BaseConnection->query('SELECT *\nFROM `...', Array, false)
#4 C:\Users\XIANGLU\Desktop\Rani_LTE\system\Model.php(183): CodeIgniter\Database\BaseBuilder->get()
#5 C:\Users\XIANGLU\Desktop\Rani_LTE\system\BaseModel.php(584): CodeIgniter\Model->doFindAll(0, 0)
#6 C:\Users\XIANGLU\Desktop\Rani_LTE\app\Models\MasyarakatModel.php(31): CodeIgniter\BaseModel->findAll()
#7 C:\Users\XIANGLU\Desktop\Rani_LTE\app\Controllers\Masyarakat.php(16): App\Models\MasyarakatModel->getMasyarakat()
#8 C:\Users\XIANGLU\Desktop\Rani_LTE\system\CodeIgniter.php(832): App\Controllers\Masyarakat->index()
#9 C:\Users\XIANGLU\Desktop\Rani_LTE\system\CodeIgniter.php(419): CodeIgniter\CodeIgniter->runController(Object(App\Controllers\Masyarakat))
#10 C:\Users\XIANGLU\Desktop\Rani_LTE\system\CodeIgniter.php(326): CodeIgniter\CodeIgniter->handleRequest(NULL, Object(Config\Cache), false)
#11 C:\Users\XIANGLU\Desktop\Rani_LTE\public\index.php(37): CodeIgniter\CodeIgniter->run()
#12 C:\Users\XIANGLU\Desktop\Rani_LTE\system\Commands\Server\rewrite.php(43): require_once('C:\\Users\\XIANGL...')
#13 {main}
ERROR - 2022-10-05 09:23:47 --> Table 'db_rani.masyarakat' doesn't exist
CRITICAL - 2022-10-05 09:23:47 --> Table 'db_rani.masyarakat' doesn't exist
#0 C:\Users\XIANGLU\Desktop\Rani_LTE\system\Database\MySQLi\Connection.php(292): mysqli->query('SELECT *\nFROM `...', 0)
#1 C:\Users\XIANGLU\Desktop\Rani_LTE\system\Database\BaseConnection.php(670): CodeIgniter\Database\MySQLi\Connection->execute('SELECT *\nFROM `...')
#2 C:\Users\XIANGLU\Desktop\Rani_LTE\system\Database\BaseConnection.php(598): CodeIgniter\Database\BaseConnection->simpleQuery('SELECT *\nFROM `...')
#3 C:\Users\XIANGLU\Desktop\Rani_LTE\system\Database\BaseBuilder.php(1455): CodeIgniter\Database\BaseConnection->query('SELECT *\nFROM `...', Array, false)
#4 C:\Users\XIANGLU\Desktop\Rani_LTE\system\Model.php(183): CodeIgniter\Database\BaseBuilder->get()
#5 C:\Users\XIANGLU\Desktop\Rani_LTE\system\BaseModel.php(584): CodeIgniter\Model->doFindAll(0, 0)
#6 C:\Users\XIANGLU\Desktop\Rani_LTE\app\Models\MasyarakatModel.php(31): CodeIgniter\BaseModel->findAll()
#7 C:\Users\XIANGLU\Desktop\Rani_LTE\app\Controllers\Masyarakat.php(16): App\Models\MasyarakatModel->getMasyarakat()
#8 C:\Users\XIANGLU\Desktop\Rani_LTE\system\CodeIgniter.php(832): App\Controllers\Masyarakat->index()
#9 C:\Users\XIANGLU\Desktop\Rani_LTE\system\CodeIgniter.php(419): CodeIgniter\CodeIgniter->runController(Object(App\Controllers\Masyarakat))
#10 C:\Users\XIANGLU\Desktop\Rani_LTE\system\CodeIgniter.php(326): CodeIgniter\CodeIgniter->handleRequest(NULL, Object(Config\Cache), false)
#11 C:\Users\XIANGLU\Desktop\Rani_LTE\public\index.php(37): CodeIgniter\CodeIgniter->run()
#12 C:\Users\XIANGLU\Desktop\Rani_LTE\system\Commands\Server\rewrite.php(43): require_once('C:\\Users\\XIANGL...')
#13 {main}
CRITICAL - 2022-10-05 09:35:08 --> Undefined variable: account
#0 C:\Users\XIANGLU\Desktop\Rani_LTE\app\Views\pagesUser\dashboardUserPengajuan.php(103): CodeIgniter\Debug\Exceptions->errorHandler(8, 'Undefined varia...', 'C:\\Users\\XIANGL...', 103, Array)
#1 C:\Users\XIANGLU\Desktop\Rani_LTE\system\View\View.php(210): include('C:\\Users\\XIANGL...')
#2 C:\Users\XIANGLU\Desktop\Rani_LTE\system\View\View.php(213): CodeIgniter\View\View->CodeIgniter\View\{closure}()
#3 C:\Users\XIANGLU\Desktop\Rani_LTE\system\Common.php(1089): CodeIgniter\View\View->render('pagesUser/dashb...', Array, true)
#4 C:\Users\XIANGLU\Desktop\Rani_LTE\app\Controllers\Dashboard.php(27): view('pagesUser/dashb...', Array)
#5 C:\Users\XIANGLU\Desktop\Rani_LTE\system\CodeIgniter.php(832): App\Controllers\Dashboard->pengajuan()
#6 C:\Users\XIANGLU\Desktop\Rani_LTE\system\CodeIgniter.php(419): CodeIgniter\CodeIgniter->runController(Object(App\Controllers\Dashboard))
#7 C:\Users\XIANGLU\Desktop\Rani_LTE\system\CodeIgniter.php(326): CodeIgniter\CodeIgniter->handleRequest(NULL, Object(Config\Cache), false)
#8 C:\Users\XIANGLU\Desktop\Rani_LTE\public\index.php(37): CodeIgniter\CodeIgniter->run()
#9 C:\Users\XIANGLU\Desktop\Rani_LTE\system\Commands\Server\rewrite.php(43): require_once('C:\\Users\\XIANGL...')
#10 {main}
CRITICAL - 2022-10-05 11:38:01 --> Undefined variable: validation
#0 C:\Users\XIANGLU\Desktop\Rani_LTE\app\Views\pagesUser\SKGhaib.php(75): CodeIgniter\Debug\Exceptions->errorHandler(8, 'Undefined varia...', 'C:\\Users\\XIANGL...', 75, Array)
#1 C:\Users\XIANGLU\Desktop\Rani_LTE\system\View\View.php(210): include('C:\\Users\\XIANGL...')
#2 C:\Users\XIANGLU\Desktop\Rani_LTE\system\View\View.php(213): CodeIgniter\View\View->CodeIgniter\View\{closure}()
#3 C:\Users\XIANGLU\Desktop\Rani_LTE\system\Common.php(1089): CodeIgniter\View\View->render('/pagesUser/SKGh...', Array, true)
#4 C:\Users\XIANGLU\Desktop\Rani_LTE\app\Controllers\SKGhaib.php(12): view('/pagesUser/SKGh...', Array)
#5 C:\Users\XIANGLU\Desktop\Rani_LTE\system\CodeIgniter.php(832): App\Controllers\SKGhaib->index()
#6 C:\Users\XIANGLU\Desktop\Rani_LTE\system\CodeIgniter.php(419): CodeIgniter\CodeIgniter->runController(Object(App\Controllers\SKGhaib))
#7 C:\Users\XIANGLU\Desktop\Rani_LTE\system\CodeIgniter.php(326): CodeIgniter\CodeIgniter->handleRequest(NULL, Object(Config\Cache), false)
#8 C:\Users\XIANGLU\Desktop\Rani_LTE\public\index.php(37): CodeIgniter\CodeIgniter->run()
#9 C:\Users\XIANGLU\Desktop\Rani_LTE\system\Commands\Server\rewrite.php(43): require_once('C:\\Users\\XIANGL...')
#10 {main}
CRITICAL - 2022-10-05 12:20:08 --> Call to a member function save() on null
#0 C:\Users\XIANGLU\Desktop\Rani_LTE\system\CodeIgniter.php(832): App\Controllers\SKGhaib->save()
#1 C:\Users\XIANGLU\Desktop\Rani_LTE\system\CodeIgniter.php(419): CodeIgniter\CodeIgniter->runController(Object(App\Controllers\SKGhaib))
#2 C:\Users\XIANGLU\Desktop\Rani_LTE\system\CodeIgniter.php(326): CodeIgniter\CodeIgniter->handleRequest(NULL, Object(Config\Cache), false)
#3 C:\Users\XIANGLU\Desktop\Rani_LTE\public\index.php(37): CodeIgniter\CodeIgniter->run()
#4 C:\Users\XIANGLU\Desktop\Rani_LTE\system\Commands\Server\rewrite.php(43): require_once('C:\\Users\\XIANGL...')
#5 {main}
CRITICAL - 2022-10-05 12:26:30 --> Call to a member function save() on null
#0 C:\Users\XIANGLU\Desktop\Rani_LTE\system\CodeIgniter.php(832): App\Controllers\SKGhaib->save()
#1 C:\Users\XIANGLU\Desktop\Rani_LTE\system\CodeIgniter.php(419): CodeIgniter\CodeIgniter->runController(Object(App\Controllers\SKGhaib))
#2 C:\Users\XIANGLU\Desktop\Rani_LTE\system\CodeIgniter.php(326): CodeIgniter\CodeIgniter->handleRequest(NULL, Object(Config\Cache), false)
#3 C:\Users\XIANGLU\Desktop\Rani_LTE\public\index.php(37): CodeIgniter\CodeIgniter->run()
#4 C:\Users\XIANGLU\Desktop\Rani_LTE\system\Commands\Server\rewrite.php(43): require_once('C:\\Users\\XIANGL...')
#5 {main}
CRITICAL - 2022-10-05 12:27:48 --> Call to a member function save() on null
#0 C:\Users\XIANGLU\Desktop\Rani_LTE\system\CodeIgniter.php(832): App\Controllers\SKGhaib->save()
#1 C:\Users\XIANGLU\Desktop\Rani_LTE\system\CodeIgniter.php(419): CodeIgniter\CodeIgniter->runController(Object(App\Controllers\SKGhaib))
#2 C:\Users\XIANGLU\Desktop\Rani_LTE\system\CodeIgniter.php(326): CodeIgniter\CodeIgniter->handleRequest(NULL, Object(Config\Cache), false)
#3 C:\Users\XIANGLU\Desktop\Rani_LTE\public\index.php(37): CodeIgniter\CodeIgniter->run()
#4 C:\Users\XIANGLU\Desktop\Rani_LTE\system\Commands\Server\rewrite.php(43): require_once('C:\\Users\\XIANGL...')
#5 {main}
CRITICAL - 2022-10-05 12:34:06 --> Call to a member function save() on null
#0 C:\Users\XIANGLU\Desktop\Rani_LTE\system\CodeIgniter.php(832): App\Controllers\SKGhaib->save()
#1 C:\Users\XIANGLU\Desktop\Rani_LTE\system\CodeIgniter.php(419): CodeIgniter\CodeIgniter->runController(Object(App\Controllers\SKGhaib))
#2 C:\Users\XIANGLU\Desktop\Rani_LTE\system\CodeIgniter.php(326): CodeIgniter\CodeIgniter->handleRequest(NULL, Object(Config\Cache), false)
#3 C:\Users\XIANGLU\Desktop\Rani_LTE\public\index.php(37): CodeIgniter\CodeIgniter->run()
#4 C:\Users\XIANGLU\Desktop\Rani_LTE\system\Commands\Server\rewrite.php(43): require_once('C:\\Users\\XIANGL...')
#5 {main}
CRITICAL - 2022-10-05 12:49:47 --> Call to a member function save() on null
#0 C:\Users\XIANGLU\Desktop\Rani_LTE\system\CodeIgniter.php(832): App\Controllers\SKGhaib->save()
#1 C:\Users\XIANGLU\Desktop\Rani_LTE\system\CodeIgniter.php(419): CodeIgniter\CodeIgniter->runController(Object(App\Controllers\SKGhaib))
#2 C:\Users\XIANGLU\Desktop\Rani_LTE\system\CodeIgniter.php(326): CodeIgniter\CodeIgniter->handleRequest(NULL, Object(Config\Cache), false)
#3 C:\Users\XIANGLU\Desktop\Rani_LTE\public\index.php(37): CodeIgniter\CodeIgniter->run()
#4 C:\Users\XIANGLU\Desktop\Rani_LTE\system\Commands\Server\rewrite.php(43): require_once('C:\\Users\\XIANGL...')
#5 {main}
CRITICAL - 2022-10-05 12:51:02 --> Call to a member function save() on null
#0 C:\Users\XIANGLU\Desktop\Rani_LTE\system\CodeIgniter.php(832): App\Controllers\SKGhaib->save()
#1 C:\Users\XIANGLU\Desktop\Rani_LTE\system\CodeIgniter.php(419): CodeIgniter\CodeIgniter->runController(Object(App\Controllers\SKGhaib))
#2 C:\Users\XIANGLU\Desktop\Rani_LTE\system\CodeIgniter.php(326): CodeIgniter\CodeIgniter->handleRequest(NULL, Object(Config\Cache), false)
#3 C:\Users\XIANGLU\Desktop\Rani_LTE\public\index.php(37): CodeIgniter\CodeIgniter->run()
#4 C:\Users\XIANGLU\Desktop\Rani_LTE\system\Commands\Server\rewrite.php(43): require_once('C:\\Users\\XIANGL...')
#5 {main}
CRITICAL - 2022-10-05 13:00:46 --> Call to a member function save() on null
#0 C:\Users\XIANGLU\Desktop\Rani_LTE\system\CodeIgniter.php(832): App\Controllers\SKGhaib->save()
#1 C:\Users\XIANGLU\Desktop\Rani_LTE\system\CodeIgniter.php(419): CodeIgniter\CodeIgniter->runController(Object(App\Controllers\SKGhaib))
#2 C:\Users\XIANGLU\Desktop\Rani_LTE\system\CodeIgniter.php(326): CodeIgniter\CodeIgniter->handleRequest(NULL, Object(Config\Cache), false)
#3 C:\Users\XIANGLU\Desktop\Rani_LTE\public\index.php(37): CodeIgniter\CodeIgniter->run()
#4 C:\Users\XIANGLU\Desktop\Rani_LTE\system\Commands\Server\rewrite.php(43): require_once('C:\\Users\\XIANGL...')
#5 {main}
CRITICAL - 2022-10-05 13:02:11 --> Call to a member function save() on null
#0 C:\Users\XIANGLU\Desktop\Rani_LTE\system\CodeIgniter.php(832): App\Controllers\SKGhaib->save()
#1 C:\Users\XIANGLU\Desktop\Rani_LTE\system\CodeIgniter.php(419): CodeIgniter\CodeIgniter->runController(Object(App\Controllers\SKGhaib))
#2 C:\Users\XIANGLU\Desktop\Rani_LTE\system\CodeIgniter.php(326): CodeIgniter\CodeIgniter->handleRequest(NULL, Object(Config\Cache), false)
#3 C:\Users\XIANGLU\Desktop\Rani_LTE\public\index.php(37): CodeIgniter\CodeIgniter->run()
#4 C:\Users\XIANGLU\Desktop\Rani_LTE\system\Commands\Server\rewrite.php(43): require_once('C:\\Users\\XIANGL...')
#5 {main}
ERROR - 2022-10-05 13:20:46 --> Unknown column 'created_at' in 'field list'
CRITICAL - 2022-10-05 13:20:46 --> Unknown column 'created_at' in 'field list'
#0 C:\Users\XIANGLU\Desktop\Rani_LTE\system\Database\MySQLi\Connection.php(292): mysqli->query('INSERT INTO `su...', 0)
#1 C:\Users\XIANGLU\Desktop\Rani_LTE\system\Database\BaseConnection.php(670): CodeIgniter\Database\MySQLi\Connection->execute('INSERT INTO `su...')
#2 C:\Users\XIANGLU\Desktop\Rani_LTE\system\Database\BaseConnection.php(598): CodeIgniter\Database\BaseConnection->simpleQuery('INSERT INTO `su...')
#3 C:\Users\XIANGLU\Desktop\Rani_LTE\system\Database\BaseBuilder.php(1771): CodeIgniter\Database\BaseConnection->query('INSERT INTO `su...', Array, false)
#4 C:\Users\XIANGLU\Desktop\Rani_LTE\system\Model.php(239): CodeIgniter\Database\BaseBuilder->insert()
#5 C:\Users\XIANGLU\Desktop\Rani_LTE\system\BaseModel.php(738): CodeIgniter\Model->doInsert(Array)
#6 C:\Users\XIANGLU\Desktop\Rani_LTE\system\Model.php(625): CodeIgniter\BaseModel->insert(Array, false)
#7 C:\Users\XIANGLU\Desktop\Rani_LTE\system\BaseModel.php(658): CodeIgniter\Model->insert(Array, false)
#8 C:\Users\XIANGLU\Desktop\Rani_LTE\app\Controllers\SKGhaib.php(118): CodeIgniter\BaseModel->save(Array)
#9 C:\Users\XIANGLU\Desktop\Rani_LTE\system\CodeIgniter.php(832): App\Controllers\SKGhaib->save()
#10 C:\Users\XIANGLU\Desktop\Rani_LTE\system\CodeIgniter.php(419): CodeIgniter\CodeIgniter->runController(Object(App\Controllers\SKGhaib))
#11 C:\Users\XIANGLU\Desktop\Rani_LTE\system\CodeIgniter.php(326): CodeIgniter\CodeIgniter->handleRequest(NULL, Object(Config\Cache), false)
#12 C:\Users\XIANGLU\Desktop\Rani_LTE\public\index.php(37): CodeIgniter\CodeIgniter->run()
#13 C:\Users\XIANGLU\Desktop\Rani_LTE\system\Commands\Server\rewrite.php(43): require_once('C:\\Users\\XIANGL...')
#14 {main}
CRITICAL - 2022-10-05 14:29:51 --> Call to a member function save() on null
#0 C:\Users\XIANGLU\Desktop\Rani_LTE\system\CodeIgniter.php(832): App\Controllers\SKOrangSama->save()
#1 C:\Users\XIANGLU\Desktop\Rani_LTE\system\CodeIgniter.php(419): CodeIgniter\CodeIgniter->runController(Object(App\Controllers\SKOrangSama))
#2 C:\Users\XIANGLU\Desktop\Rani_LTE\system\CodeIgniter.php(326): CodeIgniter\CodeIgniter->handleRequest(NULL, Object(Config\Cache), false)
#3 C:\Users\XIANGLU\Desktop\Rani_LTE\public\index.php(37): CodeIgniter\CodeIgniter->run()
#4 C:\Users\XIANGLU\Desktop\Rani_LTE\system\Commands\Server\rewrite.php(43): require_once('C:\\Users\\XIANGL...')
#5 {main}
CRITICAL - 2022-10-05 14:32:42 --> Call to a member function save() on null
#0 C:\Users\XIANGLU\Desktop\Rani_LTE\system\CodeIgniter.php(832): App\Controllers\SKOrangSama->save()
#1 C:\Users\XIANGLU\Desktop\Rani_LTE\system\CodeIgniter.php(419): CodeIgniter\CodeIgniter->runController(Object(App\Controllers\SKOrangSama))
#2 C:\Users\XIANGLU\Desktop\Rani_LTE\system\CodeIgniter.php(326): CodeIgniter\CodeIgniter->handleRequest(NULL, Object(Config\Cache), false)
#3 C:\Users\XIANGLU\Desktop\Rani_LTE\public\index.php(37): CodeIgniter\CodeIgniter->run()
#4 C:\Users\XIANGLU\Desktop\Rani_LTE\system\Commands\Server\rewrite.php(43): require_once('C:\\Users\\XIANGL...')
#5 {main}
CRITICAL - 2022-10-05 14:35:55 --> Call to a member function save() on null
#0 C:\Users\XIANGLU\Desktop\Rani_LTE\system\CodeIgniter.php(832): App\Controllers\SKOrangSama->save()
#1 C:\Users\XIANGLU\Desktop\Rani_LTE\system\CodeIgniter.php(419): CodeIgniter\CodeIgniter->runController(Object(App\Controllers\SKOrangSama))
#2 C:\Users\XIANGLU\Desktop\Rani_LTE\system\CodeIgniter.php(326): CodeIgniter\CodeIgniter->handleRequest(NULL, Object(Config\Cache), false)
#3 C:\Users\XIANGLU\Desktop\Rani_LTE\public\index.php(37): CodeIgniter\CodeIgniter->run()
#4 C:\Users\XIANGLU\Desktop\Rani_LTE\system\Commands\Server\rewrite.php(43): require_once('C:\\Users\\XIANGL...')
#5 {main}
CRITICAL - 2022-10-05 14:37:51 --> Use of undefined constant dokumen_bersangkutan - assumed 'dokumen_bersangkutan' (this will throw an Error in a future version of PHP)
#0 C:\Users\XIANGLU\Desktop\Rani_LTE\app\Controllers\SKOrangSama.php(110): CodeIgniter\Debug\Exceptions->errorHandler(2, 'Use of undefine...', 'C:\\Users\\XIANGL...', 110, Array)
#1 C:\Users\XIANGLU\Desktop\Rani_LTE\system\CodeIgniter.php(832): App\Controllers\SKOrangSama->save()
#2 C:\Users\XIANGLU\Desktop\Rani_LTE\system\CodeIgniter.php(419): CodeIgniter\CodeIgniter->runController(Object(App\Controllers\SKOrangSama))
#3 C:\Users\XIANGLU\Desktop\Rani_LTE\system\CodeIgniter.php(326): CodeIgniter\CodeIgniter->handleRequest(NULL, Object(Config\Cache), false)
#4 C:\Users\XIANGLU\Desktop\Rani_LTE\public\index.php(37): CodeIgniter\CodeIgniter->run()
#5 C:\Users\XIANGLU\Desktop\Rani_LTE\system\Commands\Server\rewrite.php(43): require_once('C:\\Users\\XIANGL...')
#6 {main}
ERROR - 2022-10-05 14:48:34 --> Unknown column 'no_kk' in 'field list'
CRITICAL - 2022-10-05 14:48:34 --> Unknown column 'no_kk' in 'field list'
#0 C:\Users\XIANGLU\Desktop\Rani_LTE\system\Database\MySQLi\Connection.php(292): mysqli->query('INSERT INTO `su...', 0)
#1 C:\Users\XIANGLU\Desktop\Rani_LTE\system\Database\BaseConnection.php(670): CodeIgniter\Database\MySQLi\Connection->execute('INSERT INTO `su...')
#2 C:\Users\XIANGLU\Desktop\Rani_LTE\system\Database\BaseConnection.php(598): CodeIgniter\Database\BaseConnection->simpleQuery('INSERT INTO `su...')
#3 C:\Users\XIANGLU\Desktop\Rani_LTE\system\Database\BaseBuilder.php(1771): CodeIgniter\Database\BaseConnection->query('INSERT INTO `su...', Array, false)
#4 C:\Users\XIANGLU\Desktop\Rani_LTE\system\Model.php(239): CodeIgniter\Database\BaseBuilder->insert()
#5 C:\Users\XIANGLU\Desktop\Rani_LTE\system\BaseModel.php(738): CodeIgniter\Model->doInsert(Array)
#6 C:\Users\XIANGLU\Desktop\Rani_LTE\system\Model.php(625): CodeIgniter\BaseModel->insert(Array, false)
#7 C:\Users\XIANGLU\Desktop\Rani_LTE\system\BaseModel.php(658): CodeIgniter\Model->insert(Array, false)
#8 C:\Users\XIANGLU\Desktop\Rani_LTE\app\Controllers\SKPindahpergi.php(120): CodeIgniter\BaseModel->save(Array)
#9 C:\Users\XIANGLU\Desktop\Rani_LTE\system\CodeIgniter.php(832): App\Controllers\SKPindahPergi->save()
#10 C:\Users\XIANGLU\Desktop\Rani_LTE\system\CodeIgniter.php(419): CodeIgniter\CodeIgniter->runController(Object(App\Controllers\SKPindahPergi))
#11 C:\Users\XIANGLU\Desktop\Rani_LTE\system\CodeIgniter.php(326): CodeIgniter\CodeIgniter->handleRequest(NULL, Object(Config\Cache), false)
#12 C:\Users\XIANGLU\Desktop\Rani_LTE\public\index.php(37): CodeIgniter\CodeIgniter->run()
#13 C:\Users\XIANGLU\Desktop\Rani_LTE\system\Commands\Server\rewrite.php(43): require_once('C:\\Users\\XIANGL...')
#14 {main}
CRITICAL - 2022-10-05 15:06:05 --> Undefined variable: validation
#0 C:\Users\XIANGLU\Desktop\Rani_LTE\app\Views\pagesUser\SKTidakMampu.php(74): CodeIgniter\Debug\Exceptions->errorHandler(8, 'Undefined varia...', 'C:\\Users\\XIANGL...', 74, Array)
#1 C:\Users\XIANGLU\Desktop\Rani_LTE\system\View\View.php(210): include('C:\\Users\\XIANGL...')
#2 C:\Users\XIANGLU\Desktop\Rani_LTE\system\View\View.php(213): CodeIgniter\View\View->CodeIgniter\View\{closure}()
#3 C:\Users\XIANGLU\Desktop\Rani_LTE\system\Common.php(1089): CodeIgniter\View\View->render('/pagesUser/SKTi...', Array, true)
#4 C:\Users\XIANGLU\Desktop\Rani_LTE\app\Controllers\SKTidakMampu.php(14): view('/pagesUser/SKTi...', Array)
#5 C:\Users\XIANGLU\Desktop\Rani_LTE\system\CodeIgniter.php(832): App\Controllers\SKTidakMampu->index()
#6 C:\Users\XIANGLU\Desktop\Rani_LTE\system\CodeIgniter.php(419): CodeIgniter\CodeIgniter->runController(Object(App\Controllers\SKTidakMampu))
#7 C:\Users\XIANGLU\Desktop\Rani_LTE\system\CodeIgniter.php(326): CodeIgniter\CodeIgniter->handleRequest(NULL, Object(Config\Cache), false)
#8 C:\Users\XIANGLU\Desktop\Rani_LTE\public\index.php(37): CodeIgniter\CodeIgniter->run()
#9 C:\Users\XIANGLU\Desktop\Rani_LTE\system\Commands\Server\rewrite.php(43): require_once('C:\\Users\\XIANGL...')
#10 {main}
