CRITICAL - 2022-10-02 10:23:57 --> syntax error, unexpected 'endif' (T_ENDIF), expecting end of file
#0 C:\Users\XIANGLU\Desktop\Rani_LTE\system\View\View.php(213): CodeIgniter\View\View->CodeIgniter\View\{closure}()
#1 C:\Users\XIANGLU\Desktop\Rani_LTE\system\Common.php(1089): CodeIgniter\View\View->render('lasman/login', Array, true)
#2 C:\Users\XIANGLU\Desktop\Rani_LTE\app\Controllers\Login.php(17): view('lasman/login', Array)
#3 C:\Users\XIANGLU\Desktop\Rani_LTE\system\CodeIgniter.php(832): App\Controllers\login->index()
#4 C:\Users\XIANGLU\Desktop\Rani_LTE\system\CodeIgniter.php(419): CodeIgniter\CodeIgniter->runController(Object(App\Controllers\login))
#5 C:\Users\XIANGLU\Desktop\Rani_LTE\system\CodeIgniter.php(326): CodeIgniter\CodeIgniter->handleRequest(NULL, Object(Config\Cache), false)
#6 C:\Users\XIANGLU\Desktop\Rani_LTE\public\index.php(37): CodeIgniter\CodeIgniter->run()
#7 C:\Users\XIANGLU\Desktop\Rani_LTE\system\Commands\Server\rewrite.php(43): require_once('C:\\Users\\XIANGL...')
#8 {main}
CRITICAL - 2022-10-02 10:24:02 --> syntax error, unexpected 'endif' (T_ENDIF), expecting end of file
#0 C:\Users\XIANGLU\Desktop\Rani_LTE\system\View\View.php(213): CodeIgniter\View\View->CodeIgniter\View\{closure}()
#1 C:\Users\XIANGLU\Desktop\Rani_LTE\system\Common.php(1089): CodeIgniter\View\View->render('lasman/login', Array, true)
#2 C:\Users\XIANGLU\Desktop\Rani_LTE\app\Controllers\Login.php(17): view('lasman/login', Array)
#3 C:\Users\XIANGLU\Desktop\Rani_LTE\system\CodeIgniter.php(832): App\Controllers\login->index()
#4 C:\Users\XIANGLU\Desktop\Rani_LTE\system\CodeIgniter.php(419): CodeIgniter\CodeIgniter->runController(Object(App\Controllers\login))
#5 C:\Users\XIANGLU\Desktop\Rani_LTE\system\CodeIgniter.php(326): CodeIgniter\CodeIgniter->handleRequest(NULL, Object(Config\Cache), false)
#6 C:\Users\XIANGLU\Desktop\Rani_LTE\public\index.php(37): CodeIgniter\CodeIgniter->run()
#7 C:\Users\XIANGLU\Desktop\Rani_LTE\system\Commands\Server\rewrite.php(43): require_once('C:\\Users\\XIANGL...')
#8 {main}
CRITICAL - 2022-10-02 10:24:04 --> syntax error, unexpected 'endif' (T_ENDIF), expecting end of file
#0 C:\Users\XIANGLU\Desktop\Rani_LTE\system\View\View.php(213): CodeIgniter\View\View->CodeIgniter\View\{closure}()
#1 C:\Users\XIANGLU\Desktop\Rani_LTE\system\Common.php(1089): CodeIgniter\View\View->render('lasman/login', Array, true)
#2 C:\Users\XIANGLU\Desktop\Rani_LTE\app\Controllers\Login.php(17): view('lasman/login', Array)
#3 C:\Users\XIANGLU\Desktop\Rani_LTE\system\CodeIgniter.php(832): App\Controllers\login->index()
#4 C:\Users\XIANGLU\Desktop\Rani_LTE\system\CodeIgniter.php(419): CodeIgniter\CodeIgniter->runController(Object(App\Controllers\login))
#5 C:\Users\XIANGLU\Desktop\Rani_LTE\system\CodeIgniter.php(326): CodeIgniter\CodeIgniter->handleRequest(NULL, Object(Config\Cache), false)
#6 C:\Users\XIANGLU\Desktop\Rani_LTE\public\index.php(37): CodeIgniter\CodeIgniter->run()
#7 C:\Users\XIANGLU\Desktop\Rani_LTE\system\Commands\Server\rewrite.php(43): require_once('C:\\Users\\XIANGL...')
#8 {main}
CRITICAL - 2022-10-02 10:24:05 --> syntax error, unexpected 'endif' (T_ENDIF), expecting end of file
#0 C:\Users\XIANGLU\Desktop\Rani_LTE\system\View\View.php(213): CodeIgniter\View\View->CodeIgniter\View\{closure}()
#1 C:\Users\XIANGLU\Desktop\Rani_LTE\system\Common.php(1089): CodeIgniter\View\View->render('lasman/login', Array, true)
#2 C:\Users\XIANGLU\Desktop\Rani_LTE\app\Controllers\Login.php(17): view('lasman/login', Array)
#3 C:\Users\XIANGLU\Desktop\Rani_LTE\system\CodeIgniter.php(832): App\Controllers\login->index()
#4 C:\Users\XIANGLU\Desktop\Rani_LTE\system\CodeIgniter.php(419): CodeIgniter\CodeIgniter->runController(Object(App\Controllers\login))
#5 C:\Users\XIANGLU\Desktop\Rani_LTE\system\CodeIgniter.php(326): CodeIgniter\CodeIgniter->handleRequest(NULL, Object(Config\Cache), false)
#6 C:\Users\XIANGLU\Desktop\Rani_LTE\public\index.php(37): CodeIgniter\CodeIgniter->run()
#7 C:\Users\XIANGLU\Desktop\Rani_LTE\system\Commands\Server\rewrite.php(43): require_once('C:\\Users\\XIANGL...')
#8 {main}
CRITICAL - 2022-10-02 10:25:55 --> syntax error, unexpected 'endif' (T_ENDIF), expecting end of file
#0 C:\Users\XIANGLU\Desktop\Rani_LTE\system\View\View.php(213): CodeIgniter\View\View->CodeIgniter\View\{closure}()
#1 C:\Users\XIANGLU\Desktop\Rani_LTE\system\Common.php(1089): CodeIgniter\View\View->render('lasman/login', Array, true)
#2 C:\Users\XIANGLU\Desktop\Rani_LTE\app\Controllers\Login.php(17): view('lasman/login', Array)
#3 C:\Users\XIANGLU\Desktop\Rani_LTE\system\CodeIgniter.php(832): App\Controllers\login->index()
#4 C:\Users\XIANGLU\Desktop\Rani_LTE\system\CodeIgniter.php(419): CodeIgniter\CodeIgniter->runController(Object(App\Controllers\login))
#5 C:\Users\XIANGLU\Desktop\Rani_LTE\system\CodeIgniter.php(326): CodeIgniter\CodeIgniter->handleRequest(NULL, Object(Config\Cache), false)
#6 C:\Users\XIANGLU\Desktop\Rani_LTE\public\index.php(37): CodeIgniter\CodeIgniter->run()
#7 C:\Users\XIANGLU\Desktop\Rani_LTE\system\Commands\Server\rewrite.php(43): require_once('C:\\Users\\XIANGL...')
#8 {main}
ERROR - 2022-10-02 11:23:09 --> Table 'db_rani.jabatan' doesn't exist
CRITICAL - 2022-10-02 11:23:09 --> Table 'db_rani.jabatan' doesn't exist
#0 C:\Users\XIANGLU\Desktop\Rani_LTE\system\Database\MySQLi\Connection.php(292): mysqli->query('SELECT `account...', 0)
#1 C:\Users\XIANGLU\Desktop\Rani_LTE\system\Database\BaseConnection.php(670): CodeIgniter\Database\MySQLi\Connection->execute('SELECT `account...')
#2 C:\Users\XIANGLU\Desktop\Rani_LTE\system\Database\BaseConnection.php(598): CodeIgniter\Database\BaseConnection->simpleQuery('SELECT `account...')
#3 C:\Users\XIANGLU\Desktop\Rani_LTE\system\Database\BaseBuilder.php(1455): CodeIgniter\Database\BaseConnection->query('SELECT `account...', Array, false)
#4 C:\Users\XIANGLU\Desktop\Rani_LTE\system\Model.php(210): CodeIgniter\Database\BaseBuilder->get()
#5 C:\Users\XIANGLU\Desktop\Rani_LTE\system\BaseModel.php(622): CodeIgniter\Model->doFirst()
#6 C:\Users\XIANGLU\Desktop\Rani_LTE\app\Models\AccountModel.php(70): CodeIgniter\BaseModel->first()
#7 C:\Users\XIANGLU\Desktop\Rani_LTE\app\Controllers\Login.php(28): App\Models\AccountModel->getNik('111111111111111...')
#8 C:\Users\XIANGLU\Desktop\Rani_LTE\system\CodeIgniter.php(832): App\Controllers\login->proses()
#9 C:\Users\XIANGLU\Desktop\Rani_LTE\system\CodeIgniter.php(419): CodeIgniter\CodeIgniter->runController(Object(App\Controllers\login))
#10 C:\Users\XIANGLU\Desktop\Rani_LTE\system\CodeIgniter.php(326): CodeIgniter\CodeIgniter->handleRequest(NULL, Object(Config\Cache), false)
#11 C:\Users\XIANGLU\Desktop\Rani_LTE\public\index.php(37): CodeIgniter\CodeIgniter->run()
#12 C:\Users\XIANGLU\Desktop\Rani_LTE\system\Commands\Server\rewrite.php(43): require_once('C:\\Users\\XIANGL...')
#13 {main}
ERROR - 2022-10-02 11:31:11 --> Table 'db_rani.masyarakat' doesn't exist
CRITICAL - 2022-10-02 11:31:11 --> Table 'db_rani.masyarakat' doesn't exist
#0 C:\Users\XIANGLU\Desktop\Rani_LTE\system\Database\MySQLi\Connection.php(292): mysqli->query('SELECT count(ni...', 0)
#1 C:\Users\XIANGLU\Desktop\Rani_LTE\system\Database\BaseConnection.php(670): CodeIgniter\Database\MySQLi\Connection->execute('SELECT count(ni...')
#2 C:\Users\XIANGLU\Desktop\Rani_LTE\system\Database\BaseConnection.php(598): CodeIgniter\Database\BaseConnection->simpleQuery('SELECT count(ni...')
#3 C:\Users\XIANGLU\Desktop\Rani_LTE\system\Database\BaseBuilder.php(1455): CodeIgniter\Database\BaseConnection->query('SELECT count(ni...', Array, false)
#4 C:\Users\XIANGLU\Desktop\Rani_LTE\system\Model.php(183): CodeIgniter\Database\BaseBuilder->get()
#5 C:\Users\XIANGLU\Desktop\Rani_LTE\system\BaseModel.php(584): CodeIgniter\Model->doFindAll(0, 0)
#6 C:\Users\XIANGLU\Desktop\Rani_LTE\app\Models\MasyarakatModel.php(51): CodeIgniter\BaseModel->findAll()
#7 C:\Users\XIANGLU\Desktop\Rani_LTE\app\Controllers\Dashboard.php(14): App\Models\MasyarakatModel->getDashboard()
#8 C:\Users\XIANGLU\Desktop\Rani_LTE\system\CodeIgniter.php(832): App\Controllers\Dashboard->index()
#9 C:\Users\XIANGLU\Desktop\Rani_LTE\system\CodeIgniter.php(419): CodeIgniter\CodeIgniter->runController(Object(App\Controllers\Dashboard))
#10 C:\Users\XIANGLU\Desktop\Rani_LTE\system\CodeIgniter.php(326): CodeIgniter\CodeIgniter->handleRequest(NULL, Object(Config\Cache), false)
#11 C:\Users\XIANGLU\Desktop\Rani_LTE\public\index.php(37): CodeIgniter\CodeIgniter->run()
#12 C:\Users\XIANGLU\Desktop\Rani_LTE\system\Commands\Server\rewrite.php(43): require_once('C:\\Users\\XIANGL...')
#13 {main}
CRITICAL - 2022-10-02 11:32:07 --> syntax error, unexpected '$data' (T_VARIABLE), expecting function (T_FUNCTION) or const (T_CONST)
#0 C:\Users\XIANGLU\Desktop\Rani_LTE\system\Router\Router.php(175): CodeIgniter\Router\Router->autoRoute('dashboard')
#1 C:\Users\XIANGLU\Desktop\Rani_LTE\system\CodeIgniter.php(726): CodeIgniter\Router\Router->handle('dashboard')
#2 C:\Users\XIANGLU\Desktop\Rani_LTE\system\CodeIgniter.php(368): CodeIgniter\CodeIgniter->tryToRouteIt(Object(CodeIgniter\Router\RouteCollection))
#3 C:\Users\XIANGLU\Desktop\Rani_LTE\system\CodeIgniter.php(326): CodeIgniter\CodeIgniter->handleRequest(NULL, Object(Config\Cache), false)
#4 C:\Users\XIANGLU\Desktop\Rani_LTE\public\index.php(37): CodeIgniter\CodeIgniter->run()
#5 C:\Users\XIANGLU\Desktop\Rani_LTE\system\Commands\Server\rewrite.php(43): require_once('C:\\Users\\XIANGL...')
#6 {main}
ERROR - 2022-10-02 12:29:37 --> Table 'db_rani.masyarakat' doesn't exist
CRITICAL - 2022-10-02 12:29:37 --> Table 'db_rani.masyarakat' doesn't exist
#0 C:\Users\XIANGLU\Desktop\Rani_LTE\system\Database\MySQLi\Connection.php(292): mysqli->query('SELECT count(ni...', 0)
#1 C:\Users\XIANGLU\Desktop\Rani_LTE\system\Database\BaseConnection.php(670): CodeIgniter\Database\MySQLi\Connection->execute('SELECT count(ni...')
#2 C:\Users\XIANGLU\Desktop\Rani_LTE\system\Database\BaseConnection.php(598): CodeIgniter\Database\BaseConnection->simpleQuery('SELECT count(ni...')
#3 C:\Users\XIANGLU\Desktop\Rani_LTE\system\Database\BaseBuilder.php(1455): CodeIgniter\Database\BaseConnection->query('SELECT count(ni...', Array, false)
#4 C:\Users\XIANGLU\Desktop\Rani_LTE\system\Model.php(183): CodeIgniter\Database\BaseBuilder->get()
#5 C:\Users\XIANGLU\Desktop\Rani_LTE\system\BaseModel.php(584): CodeIgniter\Model->doFindAll(0, 0)
#6 C:\Users\XIANGLU\Desktop\Rani_LTE\app\Models\MasyarakatModel.php(51): CodeIgniter\BaseModel->findAll()
#7 C:\Users\XIANGLU\Desktop\Rani_LTE\app\Controllers\Dashboard.php(35): App\Models\MasyarakatModel->getDashboard()
#8 C:\Users\XIANGLU\Desktop\Rani_LTE\system\CodeIgniter.php(832): App\Controllers\Dashboard->Admin()
#9 C:\Users\XIANGLU\Desktop\Rani_LTE\system\CodeIgniter.php(419): CodeIgniter\CodeIgniter->runController(Object(App\Controllers\Dashboard))
#10 C:\Users\XIANGLU\Desktop\Rani_LTE\system\CodeIgniter.php(326): CodeIgniter\CodeIgniter->handleRequest(NULL, Object(Config\Cache), false)
#11 C:\Users\XIANGLU\Desktop\Rani_LTE\public\index.php(37): CodeIgniter\CodeIgniter->run()
#12 C:\Users\XIANGLU\Desktop\Rani_LTE\system\Commands\Server\rewrite.php(43): require_once('C:\\Users\\XIANGL...')
#13 {main}
CRITICAL - 2022-10-02 12:31:59 --> Undefined offset: 1
#0 C:\Users\XIANGLU\Desktop\Rani_LTE\app\Controllers\Login.php(41): CodeIgniter\Debug\Exceptions->errorHandler(8, 'Undefined offse...', 'C:\\Users\\XIANGL...', 41, Array)
#1 C:\Users\XIANGLU\Desktop\Rani_LTE\system\CodeIgniter.php(832): App\Controllers\login->proses()
#2 C:\Users\XIANGLU\Desktop\Rani_LTE\system\CodeIgniter.php(419): CodeIgniter\CodeIgniter->runController(Object(App\Controllers\login))
#3 C:\Users\XIANGLU\Desktop\Rani_LTE\system\CodeIgniter.php(326): CodeIgniter\CodeIgniter->handleRequest(NULL, Object(Config\Cache), false)
#4 C:\Users\XIANGLU\Desktop\Rani_LTE\public\index.php(37): CodeIgniter\CodeIgniter->run()
#5 C:\Users\XIANGLU\Desktop\Rani_LTE\system\Commands\Server\rewrite.php(43): require_once('C:\\Users\\XIANGL...')
#6 {main}
CRITICAL - 2022-10-02 12:33:27 --> syntax error, unexpected 'public' (T_PUBLIC), expecting end of file
#0 C:\Users\XIANGLU\Desktop\Rani_LTE\system\Router\Router.php(175): CodeIgniter\Router\Router->autoRoute('login/proses')
#1 C:\Users\XIANGLU\Desktop\Rani_LTE\system\CodeIgniter.php(726): CodeIgniter\Router\Router->handle('login/proses')
#2 C:\Users\XIANGLU\Desktop\Rani_LTE\system\CodeIgniter.php(368): CodeIgniter\CodeIgniter->tryToRouteIt(Object(CodeIgniter\Router\RouteCollection))
#3 C:\Users\XIANGLU\Desktop\Rani_LTE\system\CodeIgniter.php(326): CodeIgniter\CodeIgniter->handleRequest(NULL, Object(Config\Cache), false)
#4 C:\Users\XIANGLU\Desktop\Rani_LTE\public\index.php(37): CodeIgniter\CodeIgniter->run()
#5 C:\Users\XIANGLU\Desktop\Rani_LTE\system\Commands\Server\rewrite.php(43): require_once('C:\\Users\\XIANGL...')
#6 {main}
CRITICAL - 2022-10-02 12:33:41 --> Undefined offset: 1
#0 C:\Users\XIANGLU\Desktop\Rani_LTE\app\Controllers\Login.php(41): CodeIgniter\Debug\Exceptions->errorHandler(8, 'Undefined offse...', 'C:\\Users\\XIANGL...', 41, Array)
#1 C:\Users\XIANGLU\Desktop\Rani_LTE\system\CodeIgniter.php(832): App\Controllers\login->proses()
#2 C:\Users\XIANGLU\Desktop\Rani_LTE\system\CodeIgniter.php(419): CodeIgniter\CodeIgniter->runController(Object(App\Controllers\login))
#3 C:\Users\XIANGLU\Desktop\Rani_LTE\system\CodeIgniter.php(326): CodeIgniter\CodeIgniter->handleRequest(NULL, Object(Config\Cache), false)
#4 C:\Users\XIANGLU\Desktop\Rani_LTE\public\index.php(37): CodeIgniter\CodeIgniter->run()
#5 C:\Users\XIANGLU\Desktop\Rani_LTE\system\Commands\Server\rewrite.php(43): require_once('C:\\Users\\XIANGL...')
#6 {main}
CRITICAL - 2022-10-02 12:34:16 --> Undefined offset: 1
#0 C:\Users\XIANGLU\Desktop\Rani_LTE\app\Controllers\Login.php(41): CodeIgniter\Debug\Exceptions->errorHandler(8, 'Undefined offse...', 'C:\\Users\\XIANGL...', 41, Array)
#1 C:\Users\XIANGLU\Desktop\Rani_LTE\system\CodeIgniter.php(832): App\Controllers\login->proses()
#2 C:\Users\XIANGLU\Desktop\Rani_LTE\system\CodeIgniter.php(419): CodeIgniter\CodeIgniter->runController(Object(App\Controllers\login))
#3 C:\Users\XIANGLU\Desktop\Rani_LTE\system\CodeIgniter.php(326): CodeIgniter\CodeIgniter->handleRequest(NULL, Object(Config\Cache), false)
#4 C:\Users\XIANGLU\Desktop\Rani_LTE\public\index.php(37): CodeIgniter\CodeIgniter->run()
#5 C:\Users\XIANGLU\Desktop\Rani_LTE\system\Commands\Server\rewrite.php(43): require_once('C:\\Users\\XIANGL...')
#6 {main}
CRITICAL - 2022-10-02 12:36:07 --> Undefined offset: 1
#0 C:\Users\XIANGLU\Desktop\Rani_LTE\app\Controllers\Login.php(41): CodeIgniter\Debug\Exceptions->errorHandler(8, 'Undefined offse...', 'C:\\Users\\XIANGL...', 41, Array)
#1 C:\Users\XIANGLU\Desktop\Rani_LTE\system\CodeIgniter.php(832): App\Controllers\login->proses()
#2 C:\Users\XIANGLU\Desktop\Rani_LTE\system\CodeIgniter.php(419): CodeIgniter\CodeIgniter->runController(Object(App\Controllers\login))
#3 C:\Users\XIANGLU\Desktop\Rani_LTE\system\CodeIgniter.php(326): CodeIgniter\CodeIgniter->handleRequest(NULL, Object(Config\Cache), false)
#4 C:\Users\XIANGLU\Desktop\Rani_LTE\public\index.php(37): CodeIgniter\CodeIgniter->run()
#5 C:\Users\XIANGLU\Desktop\Rani_LTE\system\Commands\Server\rewrite.php(43): require_once('C:\\Users\\XIANGL...')
#6 {main}
CRITICAL - 2022-10-02 12:37:30 --> Undefined offset: 1
#0 C:\Users\XIANGLU\Desktop\Rani_LTE\app\Controllers\Login.php(41): CodeIgniter\Debug\Exceptions->errorHandler(8, 'Undefined offse...', 'C:\\Users\\XIANGL...', 41, Array)
#1 C:\Users\XIANGLU\Desktop\Rani_LTE\system\CodeIgniter.php(832): App\Controllers\login->proses()
#2 C:\Users\XIANGLU\Desktop\Rani_LTE\system\CodeIgniter.php(419): CodeIgniter\CodeIgniter->runController(Object(App\Controllers\login))
#3 C:\Users\XIANGLU\Desktop\Rani_LTE\system\CodeIgniter.php(326): CodeIgniter\CodeIgniter->handleRequest(NULL, Object(Config\Cache), false)
#4 C:\Users\XIANGLU\Desktop\Rani_LTE\public\index.php(37): CodeIgniter\CodeIgniter->run()
#5 C:\Users\XIANGLU\Desktop\Rani_LTE\system\Commands\Server\rewrite.php(43): require_once('C:\\Users\\XIANGL...')
#6 {main}
CRITICAL - 2022-10-02 12:51:24 --> Undefined offset: 2
#0 C:\Users\XIANGLU\Desktop\Rani_LTE\app\Controllers\Login.php(41): CodeIgniter\Debug\Exceptions->errorHandler(8, 'Undefined offse...', 'C:\\Users\\XIANGL...', 41, Array)
#1 C:\Users\XIANGLU\Desktop\Rani_LTE\system\CodeIgniter.php(832): App\Controllers\login->proses()
#2 C:\Users\XIANGLU\Desktop\Rani_LTE\system\CodeIgniter.php(419): CodeIgniter\CodeIgniter->runController(Object(App\Controllers\login))
#3 C:\Users\XIANGLU\Desktop\Rani_LTE\system\CodeIgniter.php(326): CodeIgniter\CodeIgniter->handleRequest(NULL, Object(Config\Cache), false)
#4 C:\Users\XIANGLU\Desktop\Rani_LTE\public\index.php(37): CodeIgniter\CodeIgniter->run()
#5 C:\Users\XIANGLU\Desktop\Rani_LTE\system\Commands\Server\rewrite.php(43): require_once('C:\\Users\\XIANGL...')
#6 {main}
CRITICAL - 2022-10-02 12:51:29 --> Undefined offset: 2
#0 C:\Users\XIANGLU\Desktop\Rani_LTE\app\Controllers\Login.php(41): CodeIgniter\Debug\Exceptions->errorHandler(8, 'Undefined offse...', 'C:\\Users\\XIANGL...', 41, Array)
#1 C:\Users\XIANGLU\Desktop\Rani_LTE\system\CodeIgniter.php(832): App\Controllers\login->proses()
#2 C:\Users\XIANGLU\Desktop\Rani_LTE\system\CodeIgniter.php(419): CodeIgniter\CodeIgniter->runController(Object(App\Controllers\login))
#3 C:\Users\XIANGLU\Desktop\Rani_LTE\system\CodeIgniter.php(326): CodeIgniter\CodeIgniter->handleRequest(NULL, Object(Config\Cache), false)
#4 C:\Users\XIANGLU\Desktop\Rani_LTE\public\index.php(37): CodeIgniter\CodeIgniter->run()
#5 C:\Users\XIANGLU\Desktop\Rani_LTE\system\Commands\Server\rewrite.php(43): require_once('C:\\Users\\XIANGL...')
#6 {main}
CRITICAL - 2022-10-02 12:52:30 --> Undefined offset: 2
#0 C:\Users\XIANGLU\Desktop\Rani_LTE\app\Controllers\Login.php(41): CodeIgniter\Debug\Exceptions->errorHandler(8, 'Undefined offse...', 'C:\\Users\\XIANGL...', 41, Array)
#1 C:\Users\XIANGLU\Desktop\Rani_LTE\system\CodeIgniter.php(832): App\Controllers\login->proses()
#2 C:\Users\XIANGLU\Desktop\Rani_LTE\system\CodeIgniter.php(419): CodeIgniter\CodeIgniter->runController(Object(App\Controllers\login))
#3 C:\Users\XIANGLU\Desktop\Rani_LTE\system\CodeIgniter.php(326): CodeIgniter\CodeIgniter->handleRequest(NULL, Object(Config\Cache), false)
#4 C:\Users\XIANGLU\Desktop\Rani_LTE\public\index.php(37): CodeIgniter\CodeIgniter->run()
#5 C:\Users\XIANGLU\Desktop\Rani_LTE\system\Commands\Server\rewrite.php(43): require_once('C:\\Users\\XIANGL...')
#6 {main}
CRITICAL - 2022-10-02 12:52:46 --> Undefined offset: 2
#0 C:\Users\XIANGLU\Desktop\Rani_LTE\app\Controllers\Login.php(40): CodeIgniter\Debug\Exceptions->errorHandler(8, 'Undefined offse...', 'C:\\Users\\XIANGL...', 40, Array)
#1 C:\Users\XIANGLU\Desktop\Rani_LTE\system\CodeIgniter.php(832): App\Controllers\login->proses()
#2 C:\Users\XIANGLU\Desktop\Rani_LTE\system\CodeIgniter.php(419): CodeIgniter\CodeIgniter->runController(Object(App\Controllers\login))
#3 C:\Users\XIANGLU\Desktop\Rani_LTE\system\CodeIgniter.php(326): CodeIgniter\CodeIgniter->handleRequest(NULL, Object(Config\Cache), false)
#4 C:\Users\XIANGLU\Desktop\Rani_LTE\public\index.php(37): CodeIgniter\CodeIgniter->run()
#5 C:\Users\XIANGLU\Desktop\Rani_LTE\system\Commands\Server\rewrite.php(43): require_once('C:\\Users\\XIANGL...')
#6 {main}
CRITICAL - 2022-10-02 12:53:09 --> Undefined offset: 2
#0 C:\Users\XIANGLU\Desktop\Rani_LTE\app\Controllers\Login.php(40): CodeIgniter\Debug\Exceptions->errorHandler(8, 'Undefined offse...', 'C:\\Users\\XIANGL...', 40, Array)
#1 C:\Users\XIANGLU\Desktop\Rani_LTE\system\CodeIgniter.php(832): App\Controllers\login->proses()
#2 C:\Users\XIANGLU\Desktop\Rani_LTE\system\CodeIgniter.php(419): CodeIgniter\CodeIgniter->runController(Object(App\Controllers\login))
#3 C:\Users\XIANGLU\Desktop\Rani_LTE\system\CodeIgniter.php(326): CodeIgniter\CodeIgniter->handleRequest(NULL, Object(Config\Cache), false)
#4 C:\Users\XIANGLU\Desktop\Rani_LTE\public\index.php(37): CodeIgniter\CodeIgniter->run()
#5 C:\Users\XIANGLU\Desktop\Rani_LTE\system\Commands\Server\rewrite.php(43): require_once('C:\\Users\\XIANGL...')
#6 {main}
ERROR - 2022-10-02 12:53:26 --> Unknown column 'id_account' in 'where clause'
CRITICAL - 2022-10-02 12:53:26 --> Unknown column 'id_account' in 'where clause'
#0 C:\Users\XIANGLU\Desktop\Rani_LTE\system\Database\MySQLi\Connection.php(292): mysqli->query('SELECT `account...', 0)
#1 C:\Users\XIANGLU\Desktop\Rani_LTE\system\Database\BaseConnection.php(670): CodeIgniter\Database\MySQLi\Connection->execute('SELECT `account...')
#2 C:\Users\XIANGLU\Desktop\Rani_LTE\system\Database\BaseConnection.php(598): CodeIgniter\Database\BaseConnection->simpleQuery('SELECT `account...')
#3 C:\Users\XIANGLU\Desktop\Rani_LTE\system\Database\BaseBuilder.php(1455): CodeIgniter\Database\BaseConnection->query('SELECT `account...', Array, false)
#4 C:\Users\XIANGLU\Desktop\Rani_LTE\system\Model.php(210): CodeIgniter\Database\BaseBuilder->get()
#5 C:\Users\XIANGLU\Desktop\Rani_LTE\system\BaseModel.php(622): CodeIgniter\Model->doFirst()
#6 C:\Users\XIANGLU\Desktop\Rani_LTE\app\Models\AccountModel.php(40): CodeIgniter\BaseModel->first()
#7 C:\Users\XIANGLU\Desktop\Rani_LTE\app\Controllers\Login.php(29): App\Models\AccountModel->getAdmin('111111111111111...')
#8 C:\Users\XIANGLU\Desktop\Rani_LTE\system\CodeIgniter.php(832): App\Controllers\login->proses()
#9 C:\Users\XIANGLU\Desktop\Rani_LTE\system\CodeIgniter.php(419): CodeIgniter\CodeIgniter->runController(Object(App\Controllers\login))
#10 C:\Users\XIANGLU\Desktop\Rani_LTE\system\CodeIgniter.php(326): CodeIgniter\CodeIgniter->handleRequest(NULL, Object(Config\Cache), false)
#11 C:\Users\XIANGLU\Desktop\Rani_LTE\public\index.php(37): CodeIgniter\CodeIgniter->run()
#12 C:\Users\XIANGLU\Desktop\Rani_LTE\system\Commands\Server\rewrite.php(43): require_once('C:\\Users\\XIANGL...')
#13 {main}
CRITICAL - 2022-10-02 12:53:41 --> Undefined offset: 2
#0 C:\Users\XIANGLU\Desktop\Rani_LTE\app\Controllers\Login.php(40): CodeIgniter\Debug\Exceptions->errorHandler(8, 'Undefined offse...', 'C:\\Users\\XIANGL...', 40, Array)
#1 C:\Users\XIANGLU\Desktop\Rani_LTE\system\CodeIgniter.php(832): App\Controllers\login->proses()
#2 C:\Users\XIANGLU\Desktop\Rani_LTE\system\CodeIgniter.php(419): CodeIgniter\CodeIgniter->runController(Object(App\Controllers\login))
#3 C:\Users\XIANGLU\Desktop\Rani_LTE\system\CodeIgniter.php(326): CodeIgniter\CodeIgniter->handleRequest(NULL, Object(Config\Cache), false)
#4 C:\Users\XIANGLU\Desktop\Rani_LTE\public\index.php(37): CodeIgniter\CodeIgniter->run()
#5 C:\Users\XIANGLU\Desktop\Rani_LTE\system\Commands\Server\rewrite.php(43): require_once('C:\\Users\\XIANGL...')
#6 {main}
ERROR - 2022-10-02 12:53:58 --> Unknown column 'id_account' in 'where clause'
CRITICAL - 2022-10-02 12:53:58 --> Unknown column 'id_account' in 'where clause'
#0 C:\Users\XIANGLU\Desktop\Rani_LTE\system\Database\MySQLi\Connection.php(292): mysqli->query('SELECT `account...', 0)
#1 C:\Users\XIANGLU\Desktop\Rani_LTE\system\Database\BaseConnection.php(670): CodeIgniter\Database\MySQLi\Connection->execute('SELECT `account...')
#2 C:\Users\XIANGLU\Desktop\Rani_LTE\system\Database\BaseConnection.php(598): CodeIgniter\Database\BaseConnection->simpleQuery('SELECT `account...')
#3 C:\Users\XIANGLU\Desktop\Rani_LTE\system\Database\BaseBuilder.php(1455): CodeIgniter\Database\BaseConnection->query('SELECT `account...', Array, false)
#4 C:\Users\XIANGLU\Desktop\Rani_LTE\system\Model.php(210): CodeIgniter\Database\BaseBuilder->get()
#5 C:\Users\XIANGLU\Desktop\Rani_LTE\system\BaseModel.php(622): CodeIgniter\Model->doFirst()
#6 C:\Users\XIANGLU\Desktop\Rani_LTE\app\Models\AccountModel.php(40): CodeIgniter\BaseModel->first()
#7 C:\Users\XIANGLU\Desktop\Rani_LTE\app\Controllers\Login.php(29): App\Models\AccountModel->getAdmin('111111111111111...')
#8 C:\Users\XIANGLU\Desktop\Rani_LTE\system\CodeIgniter.php(832): App\Controllers\login->proses()
#9 C:\Users\XIANGLU\Desktop\Rani_LTE\system\CodeIgniter.php(419): CodeIgniter\CodeIgniter->runController(Object(App\Controllers\login))
#10 C:\Users\XIANGLU\Desktop\Rani_LTE\system\CodeIgniter.php(326): CodeIgniter\CodeIgniter->handleRequest(NULL, Object(Config\Cache), false)
#11 C:\Users\XIANGLU\Desktop\Rani_LTE\public\index.php(37): CodeIgniter\CodeIgniter->run()
#12 C:\Users\XIANGLU\Desktop\Rani_LTE\system\Commands\Server\rewrite.php(43): require_once('C:\\Users\\XIANGL...')
#13 {main}
CRITICAL - 2022-10-02 12:54:05 --> Undefined offset: 2
#0 C:\Users\XIANGLU\Desktop\Rani_LTE\app\Controllers\Login.php(40): CodeIgniter\Debug\Exceptions->errorHandler(8, 'Undefined offse...', 'C:\\Users\\XIANGL...', 40, Array)
#1 C:\Users\XIANGLU\Desktop\Rani_LTE\system\CodeIgniter.php(832): App\Controllers\login->proses()
#2 C:\Users\XIANGLU\Desktop\Rani_LTE\system\CodeIgniter.php(419): CodeIgniter\CodeIgniter->runController(Object(App\Controllers\login))
#3 C:\Users\XIANGLU\Desktop\Rani_LTE\system\CodeIgniter.php(326): CodeIgniter\CodeIgniter->handleRequest(NULL, Object(Config\Cache), false)
#4 C:\Users\XIANGLU\Desktop\Rani_LTE\public\index.php(37): CodeIgniter\CodeIgniter->run()
#5 C:\Users\XIANGLU\Desktop\Rani_LTE\system\Commands\Server\rewrite.php(43): require_once('C:\\Users\\XIANGL...')
#6 {main}
CRITICAL - 2022-10-02 12:55:33 --> Undefined offset: 1
#0 C:\Users\XIANGLU\Desktop\Rani_LTE\app\Controllers\Login.php(41): CodeIgniter\Debug\Exceptions->errorHandler(8, 'Undefined offse...', 'C:\\Users\\XIANGL...', 41, Array)
#1 C:\Users\XIANGLU\Desktop\Rani_LTE\system\CodeIgniter.php(832): App\Controllers\login->proses()
#2 C:\Users\XIANGLU\Desktop\Rani_LTE\system\CodeIgniter.php(419): CodeIgniter\CodeIgniter->runController(Object(App\Controllers\login))
#3 C:\Users\XIANGLU\Desktop\Rani_LTE\system\CodeIgniter.php(326): CodeIgniter\CodeIgniter->handleRequest(NULL, Object(Config\Cache), false)
#4 C:\Users\XIANGLU\Desktop\Rani_LTE\public\index.php(37): CodeIgniter\CodeIgniter->run()
#5 C:\Users\XIANGLU\Desktop\Rani_LTE\system\Commands\Server\rewrite.php(43): require_once('C:\\Users\\XIANGL...')
#6 {main}
CRITICAL - 2022-10-02 12:55:54 --> Undefined offset: 2
#0 C:\Users\XIANGLU\Desktop\Rani_LTE\app\Controllers\Login.php(41): CodeIgniter\Debug\Exceptions->errorHandler(8, 'Undefined offse...', 'C:\\Users\\XIANGL...', 41, Array)
#1 C:\Users\XIANGLU\Desktop\Rani_LTE\system\CodeIgniter.php(832): App\Controllers\login->proses()
#2 C:\Users\XIANGLU\Desktop\Rani_LTE\system\CodeIgniter.php(419): CodeIgniter\CodeIgniter->runController(Object(App\Controllers\login))
#3 C:\Users\XIANGLU\Desktop\Rani_LTE\system\CodeIgniter.php(326): CodeIgniter\CodeIgniter->handleRequest(NULL, Object(Config\Cache), false)
#4 C:\Users\XIANGLU\Desktop\Rani_LTE\public\index.php(37): CodeIgniter\CodeIgniter->run()
#5 C:\Users\XIANGLU\Desktop\Rani_LTE\system\Commands\Server\rewrite.php(43): require_once('C:\\Users\\XIANGL...')
#6 {main}
CRITICAL - 2022-10-02 12:57:23 --> Undefined offset: 2
#0 C:\Users\XIANGLU\Desktop\Rani_LTE\app\Controllers\Login.php(41): CodeIgniter\Debug\Exceptions->errorHandler(8, 'Undefined offse...', 'C:\\Users\\XIANGL...', 41, Array)
#1 C:\Users\XIANGLU\Desktop\Rani_LTE\system\CodeIgniter.php(832): App\Controllers\login->proses()
#2 C:\Users\XIANGLU\Desktop\Rani_LTE\system\CodeIgniter.php(419): CodeIgniter\CodeIgniter->runController(Object(App\Controllers\login))
#3 C:\Users\XIANGLU\Desktop\Rani_LTE\system\CodeIgniter.php(326): CodeIgniter\CodeIgniter->handleRequest(NULL, Object(Config\Cache), false)
#4 C:\Users\XIANGLU\Desktop\Rani_LTE\public\index.php(37): CodeIgniter\CodeIgniter->run()
#5 C:\Users\XIANGLU\Desktop\Rani_LTE\system\Commands\Server\rewrite.php(43): require_once('C:\\Users\\XIANGL...')
#6 {main}
CRITICAL - 2022-10-02 13:07:15 --> Undefined offset: 2
#0 C:\Users\XIANGLU\Desktop\Rani_LTE\app\Controllers\Login.php(42): CodeIgniter\Debug\Exceptions->errorHandler(8, 'Undefined offse...', 'C:\\Users\\XIANGL...', 42, Array)
#1 C:\Users\XIANGLU\Desktop\Rani_LTE\system\CodeIgniter.php(832): App\Controllers\login->proses()
#2 C:\Users\XIANGLU\Desktop\Rani_LTE\system\CodeIgniter.php(419): CodeIgniter\CodeIgniter->runController(Object(App\Controllers\login))
#3 C:\Users\XIANGLU\Desktop\Rani_LTE\system\CodeIgniter.php(326): CodeIgniter\CodeIgniter->handleRequest(NULL, Object(Config\Cache), false)
#4 C:\Users\XIANGLU\Desktop\Rani_LTE\public\index.php(37): CodeIgniter\CodeIgniter->run()
#5 C:\Users\XIANGLU\Desktop\Rani_LTE\system\Commands\Server\rewrite.php(43): require_once('C:\\Users\\XIANGL...')
#6 {main}
ERROR - 2022-10-02 13:07:42 --> Unknown column 'id_account' in 'where clause'
CRITICAL - 2022-10-02 13:07:42 --> Unknown column 'id_account' in 'where clause'
#0 C:\Users\XIANGLU\Desktop\Rani_LTE\system\Database\MySQLi\Connection.php(292): mysqli->query('SELECT `account...', 0)
#1 C:\Users\XIANGLU\Desktop\Rani_LTE\system\Database\BaseConnection.php(670): CodeIgniter\Database\MySQLi\Connection->execute('SELECT `account...')
#2 C:\Users\XIANGLU\Desktop\Rani_LTE\system\Database\BaseConnection.php(598): CodeIgniter\Database\BaseConnection->simpleQuery('SELECT `account...')
#3 C:\Users\XIANGLU\Desktop\Rani_LTE\system\Database\BaseBuilder.php(1455): CodeIgniter\Database\BaseConnection->query('SELECT `account...', Array, false)
#4 C:\Users\XIANGLU\Desktop\Rani_LTE\system\Model.php(210): CodeIgniter\Database\BaseBuilder->get()
#5 C:\Users\XIANGLU\Desktop\Rani_LTE\system\BaseModel.php(622): CodeIgniter\Model->doFirst()
#6 C:\Users\XIANGLU\Desktop\Rani_LTE\app\Models\AccountModel.php(40): CodeIgniter\BaseModel->first()
#7 C:\Users\XIANGLU\Desktop\Rani_LTE\app\Controllers\Login.php(29): App\Models\AccountModel->getAdmin('111111111111111...')
#8 C:\Users\XIANGLU\Desktop\Rani_LTE\system\CodeIgniter.php(832): App\Controllers\login->proses()
#9 C:\Users\XIANGLU\Desktop\Rani_LTE\system\CodeIgniter.php(419): CodeIgniter\CodeIgniter->runController(Object(App\Controllers\login))
#10 C:\Users\XIANGLU\Desktop\Rani_LTE\system\CodeIgniter.php(326): CodeIgniter\CodeIgniter->handleRequest(NULL, Object(Config\Cache), false)
#11 C:\Users\XIANGLU\Desktop\Rani_LTE\public\index.php(37): CodeIgniter\CodeIgniter->run()
#12 C:\Users\XIANGLU\Desktop\Rani_LTE\system\Commands\Server\rewrite.php(43): require_once('C:\\Users\\XIANGL...')
#13 {main}
CRITICAL - 2022-10-02 13:08:33 --> Undefined offset: 2
#0 C:\Users\XIANGLU\Desktop\Rani_LTE\app\Controllers\Login.php(42): CodeIgniter\Debug\Exceptions->errorHandler(8, 'Undefined offse...', 'C:\\Users\\XIANGL...', 42, Array)
#1 C:\Users\XIANGLU\Desktop\Rani_LTE\system\CodeIgniter.php(832): App\Controllers\login->proses()
#2 C:\Users\XIANGLU\Desktop\Rani_LTE\system\CodeIgniter.php(419): CodeIgniter\CodeIgniter->runController(Object(App\Controllers\login))
#3 C:\Users\XIANGLU\Desktop\Rani_LTE\system\CodeIgniter.php(326): CodeIgniter\CodeIgniter->handleRequest(NULL, Object(Config\Cache), false)
#4 C:\Users\XIANGLU\Desktop\Rani_LTE\public\index.php(37): CodeIgniter\CodeIgniter->run()
#5 C:\Users\XIANGLU\Desktop\Rani_LTE\system\Commands\Server\rewrite.php(43): require_once('C:\\Users\\XIANGL...')
#6 {main}
